<?xml version="1.0" encoding="utf-8"?><testsuites name="pytest tests"><testsuite name="pytest" errors="0" failures="0" skipped="1" tests="16" time="2.348" timestamp="2026-03-08T01:25:04.287036+00:00" hostname="agent-env-3aa29474-6498-4d6b-99d7-55945e7f0ff3"><testcase classname="backend.tests.test_tasks_delays.TestAuthAndUser" name="test_login_with_test_credentials" time="0.748" /><testcase classname="backend.tests.test_tasks_delays.TestAuthAndUser" name="test_get_current_user" time="0.061" /><testcase classname="backend.tests.test_tasks_delays.TestJobs" name="test_get_jobs_list" time="0.065" /><testcase classname="backend.tests.test_tasks_delays.TestJobs" name="test_get_job_detail_by_number" time="0.121" /><testcase classname="backend.tests.test_tasks_delays.TestTasks" name="test_get_all_tasks" time="0.058" /><testcase classname="backend.tests.test_tasks_delays.TestTasks" name="test_get_tasks_by_job" time="0.129" /><testcase classname="backend.tests.test_tasks_delays.TestTasks" name="test_create_task" time="0.125" /><testcase classname="backend.tests.test_tasks_delays.TestTasks" name="test_update_task_status" time="0.114" /><testcase classname="backend.tests.test_tasks_delays.TestDelays" name="test_get_delays_list" time="0.085" /><testcase classname="backend.tests.test_tasks_delays.TestDelays" name="test_get_delays_by_job" time="0.107" /><testcase classname="backend.tests.test_tasks_delays.TestDelays" name="test_create_delay" time="0.114" /><testcase classname="backend.tests.test_tasks_delays.TestDelays" name="test_delay_marks_task_blocked" time="0.066"><skipped type="pytest.skip" message="No planned task available for delay test">/app/backend/tests/test_tasks_delays.py:308: No planned task available for delay test</skipped></testcase><testcase classname="backend.tests.test_tasks_delays.TestDelays" name="test_resolve_delay" time="0.120" /><testcase classname="backend.tests.test_tasks_delays.TestDelays" name="test_delay_impact_analysis" time="0.129" /><testcase classname="backend.tests.test_tasks_delays.TestTaskCodes" name="test_get_job_task_codes" time="0.126" /><testcase classname="backend.tests.test_tasks_delays.TestDashboard" name="test_dashboard_summary" time="0.060" /></testsuite></testsuites>